2024-07-25 06:35:14: Received POST request. Build ID: J2BPST1LR2IAVNW86XLTK9PFI9VVP3LAGSPQ17C9L110LZZO4D
2024-07-25 06:35:14: File not received or upload error: 1
2024-07-25 06:35:18: Received POST request. Build ID: J2BPST1LR2IAVNW86XLTK9PFI9VVP3LAGSPQ17C9L110LZZO4D
2024-07-25 06:35:18: File not received or upload error: 1
2024-07-25 06:35:22: Received POST request. Build ID: J2BPST1LR2IAVNW86XLTK9PFI9VVP3LAGSPQ17C9L110LZZO4D
2024-07-25 06:35:22: File not received or upload error: 1
2024-07-25 06:35:26: Received POST request. Build ID: J2BPST1LR2IAVNW86XLTK9PFI9VVP3LAGSPQ17C9L110LZZO4D
2024-07-25 06:35:26: File not received or upload error: 1
2024-07-25 06:35:30: Received POST request. Build ID: J2BPST1LR2IAVNW86XLTK9PFI9VVP3LAGSPQ17C9L110LZZO4D
2024-07-25 06:35:30: File not received or upload error: 1
2024-07-25 06:35:34: Received POST request. Build ID: J2BPST1LR2IAVNW86XLTK9PFI9VVP3LAGSPQ17C9L110LZZO4D
2024-07-25 06:35:34: File not received or upload error: 1
2024-07-25 06:35:38: Received POST request. Build ID: J2BPST1LR2IAVNW86XLTK9PFI9VVP3LAGSPQ17C9L110LZZO4D
2024-07-25 06:35:38: File not received or upload error: 1
2024-07-25 06:35:42: Received POST request. Build ID: J2BPST1LR2IAVNW86XLTK9PFI9VVP3LAGSPQ17C9L110LZZO4D
2024-07-25 06:35:42: File not received or upload error: 1
2024-07-25 06:35:46: Received POST request. Build ID: J2BPST1LR2IAVNW86XLTK9PFI9VVP3LAGSPQ17C9L110LZZO4D
2024-07-25 06:35:46: File not received or upload error: 1
2024-07-25 06:35:50: Received POST request. Build ID: J2BPST1LR2IAVNW86XLTK9PFI9VVP3LAGSPQ17C9L110LZZO4D
2024-07-25 06:35:50: File not received or upload error: 1
2024-07-25 06:35:54: Received POST request. Build ID: J2BPST1LR2IAVNW86XLTK9PFI9VVP3LAGSPQ17C9L110LZZO4D
2024-07-25 06:35:54: File not received or upload error: 1
2024-07-25 06:46:35: Received POST request. Build ID: GC3EYM6YD80A2PCA9UYEP8S9NRG936ZKHS1PC621H8FOMVZPVF
2024-07-25 06:46:35: Upload directory already exists: uploads/GC3EYM6YD80A2PCA9UYEP8S9NRG936ZKHS1PC621H8FOMVZPVF/
2024-07-25 06:46:36: File uploaded successfully: uploads/GC3EYM6YD80A2PCA9UYEP8S9NRG936ZKHS1PC621H8FOMVZPVF/implant.zip
2024-07-25 06:46:36: Database updated successfully for Build ID: GC3EYM6YD80A2PCA9UYEP8S9NRG936ZKHS1PC621H8FOMVZPVF
2024-07-25 15:52:59: Received POST request. Build ID: J7Y65TXKD72KO6JXFH7JPQWTZSMDXXURDPJJ5ZHWC9RACFBGIB
2024-07-25 15:52:59: Upload directory already exists: uploads/J7Y65TXKD72KO6JXFH7JPQWTZSMDXXURDPJJ5ZHWC9RACFBGIB/
2024-07-25 15:52:59: File uploaded successfully: uploads/J7Y65TXKD72KO6JXFH7JPQWTZSMDXXURDPJJ5ZHWC9RACFBGIB/implant.zip
2024-07-25 15:52:59: Database updated successfully for Build ID: J7Y65TXKD72KO6JXFH7JPQWTZSMDXXURDPJJ5ZHWC9RACFBGIB
2024-07-25 16:48:29: Received POST request. Build ID: 4QWTKXO1FRZVNQMYKJXNB2XADUX682C0SLNE9EJQ4QK2U54U0R
2024-07-25 16:48:29: Upload directory already exists: uploads/4QWTKXO1FRZVNQMYKJXNB2XADUX682C0SLNE9EJQ4QK2U54U0R/
2024-07-25 16:48:29: File uploaded successfully: uploads/4QWTKXO1FRZVNQMYKJXNB2XADUX682C0SLNE9EJQ4QK2U54U0R/implant.zip
2024-07-25 16:48:29: Database updated successfully for Build ID: 4QWTKXO1FRZVNQMYKJXNB2XADUX682C0SLNE9EJQ4QK2U54U0R
2024-07-25 17:05:26: Received POST request. Build ID: 6CEQUUX8T6QWPT76APWLSN8HT6DS01HV2EM7PK9XFZ69QJJUJH
2024-07-25 17:05:26: Upload directory already exists: uploads/6CEQUUX8T6QWPT76APWLSN8HT6DS01HV2EM7PK9XFZ69QJJUJH/
2024-07-25 17:05:26: File uploaded successfully: uploads/6CEQUUX8T6QWPT76APWLSN8HT6DS01HV2EM7PK9XFZ69QJJUJH/implant.zip
2024-07-25 17:05:26: Database updated successfully for Build ID: 6CEQUUX8T6QWPT76APWLSN8HT6DS01HV2EM7PK9XFZ69QJJUJH
2024-07-25 17:09:12: Received POST request. Build ID: UIU6M2UXOHE9VSONI9VVGGT6N1UN6XR3JUUSZD6FTFWW213HSL
2024-07-25 17:09:12: Upload directory already exists: uploads/UIU6M2UXOHE9VSONI9VVGGT6N1UN6XR3JUUSZD6FTFWW213HSL/
2024-07-25 17:09:12: File uploaded successfully: uploads/UIU6M2UXOHE9VSONI9VVGGT6N1UN6XR3JUUSZD6FTFWW213HSL/implant.zip
2024-07-25 17:09:12: Database updated successfully for Build ID: UIU6M2UXOHE9VSONI9VVGGT6N1UN6XR3JUUSZD6FTFWW213HSL
2024-07-25 17:12:48: Received POST request. Build ID: S2ALHJLZTWYFENX9MLLGQUGQF421MOAVYJVPT28BKWLZH7IE1J
2024-07-25 17:12:48: Upload directory already exists: uploads/S2ALHJLZTWYFENX9MLLGQUGQF421MOAVYJVPT28BKWLZH7IE1J/
2024-07-25 17:12:48: File uploaded successfully: uploads/S2ALHJLZTWYFENX9MLLGQUGQF421MOAVYJVPT28BKWLZH7IE1J/implant.zip
2024-07-25 17:12:48: Database updated successfully for Build ID: S2ALHJLZTWYFENX9MLLGQUGQF421MOAVYJVPT28BKWLZH7IE1J
2024-07-25 17:18:24: Received POST request. Build ID: WES6E499JWKHR0BKL43V6I9D4S1S9VMOO5N443ZQ4TS8QL0FSA
2024-07-25 17:18:24: Upload directory already exists: uploads/WES6E499JWKHR0BKL43V6I9D4S1S9VMOO5N443ZQ4TS8QL0FSA/
2024-07-25 17:18:24: File uploaded successfully: uploads/WES6E499JWKHR0BKL43V6I9D4S1S9VMOO5N443ZQ4TS8QL0FSA/implant.zip
2024-07-25 17:18:24: Database updated successfully for Build ID: WES6E499JWKHR0BKL43V6I9D4S1S9VMOO5N443ZQ4TS8QL0FSA
2024-07-25 17:19:52: Received POST request. Build ID: XKIDPPHN9498WLCU0Y9NZNL3SBPK8UTVFS61KBMKE0F91ZUZ1P
2024-07-25 17:19:52: Upload directory already exists: uploads/XKIDPPHN9498WLCU0Y9NZNL3SBPK8UTVFS61KBMKE0F91ZUZ1P/
2024-07-25 17:19:52: File uploaded successfully: uploads/XKIDPPHN9498WLCU0Y9NZNL3SBPK8UTVFS61KBMKE0F91ZUZ1P/implant.zip
2024-07-25 17:19:52: Database updated successfully for Build ID: XKIDPPHN9498WLCU0Y9NZNL3SBPK8UTVFS61KBMKE0F91ZUZ1P
2024-07-25 17:22:34: Received POST request. Build ID: 9133KJOQYGWQN18BJ31AXGGVC91QSTFS5U4LZ62XQ06W6GA3H1
2024-07-25 17:22:34: Upload directory already exists: uploads/9133KJOQYGWQN18BJ31AXGGVC91QSTFS5U4LZ62XQ06W6GA3H1/
2024-07-25 17:22:34: File uploaded successfully: uploads/9133KJOQYGWQN18BJ31AXGGVC91QSTFS5U4LZ62XQ06W6GA3H1/implant.zip
2024-07-25 17:22:34: Database updated successfully for Build ID: 9133KJOQYGWQN18BJ31AXGGVC91QSTFS5U4LZ62XQ06W6GA3H1
2024-07-25 17:23:16: Received POST request. Build ID: 26JX4IPRQULDPZDA2B5DAIQEZMWLLT5FX1IB12ZL9MK3I6GGYT
2024-07-25 17:23:16: Upload directory already exists: uploads/26JX4IPRQULDPZDA2B5DAIQEZMWLLT5FX1IB12ZL9MK3I6GGYT/
2024-07-25 17:23:16: File uploaded successfully: uploads/26JX4IPRQULDPZDA2B5DAIQEZMWLLT5FX1IB12ZL9MK3I6GGYT/implant.zip
2024-07-25 17:23:16: Database updated successfully for Build ID: 26JX4IPRQULDPZDA2B5DAIQEZMWLLT5FX1IB12ZL9MK3I6GGYT
2024-07-25 17:23:51: Received POST request. Build ID: HFDILQHKTOKF6KMS0FWPJT8S3C7UTRCLTUVIDICXE8K0G4HMWT
2024-07-25 17:23:51: Upload directory already exists: uploads/HFDILQHKTOKF6KMS0FWPJT8S3C7UTRCLTUVIDICXE8K0G4HMWT/
2024-07-25 17:23:51: File uploaded successfully: uploads/HFDILQHKTOKF6KMS0FWPJT8S3C7UTRCLTUVIDICXE8K0G4HMWT/implant.zip
2024-07-25 17:23:51: Database updated successfully for Build ID: HFDILQHKTOKF6KMS0FWPJT8S3C7UTRCLTUVIDICXE8K0G4HMWT
2024-07-25 17:24:28: Received POST request. Build ID: 391CF5QXM5WJEXD37T5PHKM1KG398T8CF5Q5PLRLG8LKEAZJQK
2024-07-25 17:24:28: Upload directory already exists: uploads/391CF5QXM5WJEXD37T5PHKM1KG398T8CF5Q5PLRLG8LKEAZJQK/
2024-07-25 17:24:28: File uploaded successfully: uploads/391CF5QXM5WJEXD37T5PHKM1KG398T8CF5Q5PLRLG8LKEAZJQK/implant.zip
2024-07-25 17:24:28: Database updated successfully for Build ID: 391CF5QXM5WJEXD37T5PHKM1KG398T8CF5Q5PLRLG8LKEAZJQK
2024-07-25 17:24:52: Received POST request. Build ID: U1IFT0LV3HFGG99D43SZK1ZQUTQGDDS9FKTJ6OEO52OA1E856I
2024-07-25 17:24:52: Upload directory already exists: uploads/U1IFT0LV3HFGG99D43SZK1ZQUTQGDDS9FKTJ6OEO52OA1E856I/
2024-07-25 17:24:52: File uploaded successfully: uploads/U1IFT0LV3HFGG99D43SZK1ZQUTQGDDS9FKTJ6OEO52OA1E856I/implant.zip
2024-07-25 17:24:52: Database updated successfully for Build ID: U1IFT0LV3HFGG99D43SZK1ZQUTQGDDS9FKTJ6OEO52OA1E856I
2024-07-25 18:34:58: Received POST request. Build ID: IC28COE9N0WTG2GV8ZGDYPRNEDAYZWS4XL1V8PPGTVRINNNX9V
2024-07-25 18:34:58: Upload directory already exists: uploads/IC28COE9N0WTG2GV8ZGDYPRNEDAYZWS4XL1V8PPGTVRINNNX9V/
2024-07-25 18:34:58: File uploaded successfully: uploads/IC28COE9N0WTG2GV8ZGDYPRNEDAYZWS4XL1V8PPGTVRINNNX9V/implant.zip
2024-07-25 18:34:58: Database updated successfully for Build ID: IC28COE9N0WTG2GV8ZGDYPRNEDAYZWS4XL1V8PPGTVRINNNX9V
2024-07-25 19:11:16: Received POST request. Build ID: O947FA2PVPN1F58GJB4YH64NNSRU5ULDZDJOJMA3VCS77L6UFY
2024-07-25 19:11:16: Upload directory already exists: uploads/O947FA2PVPN1F58GJB4YH64NNSRU5ULDZDJOJMA3VCS77L6UFY/
2024-07-25 19:11:17: File uploaded successfully: uploads/O947FA2PVPN1F58GJB4YH64NNSRU5ULDZDJOJMA3VCS77L6UFY/implant.zip
2024-07-25 19:11:17: Database updated successfully for Build ID: O947FA2PVPN1F58GJB4YH64NNSRU5ULDZDJOJMA3VCS77L6UFY
2024-07-25 19:12:41: Received POST request. Build ID: XV21EFAGYG1GI5O9X82HDHV4TJKNBIHTJSV813MEU32OJ0Z53Y
2024-07-25 19:12:41: Upload directory already exists: uploads/XV21EFAGYG1GI5O9X82HDHV4TJKNBIHTJSV813MEU32OJ0Z53Y/
2024-07-25 19:12:41: File uploaded successfully: uploads/XV21EFAGYG1GI5O9X82HDHV4TJKNBIHTJSV813MEU32OJ0Z53Y/implant.zip
2024-07-25 19:12:41: Database updated successfully for Build ID: XV21EFAGYG1GI5O9X82HDHV4TJKNBIHTJSV813MEU32OJ0Z53Y
2024-07-25 19:45:33: Received POST request. Build ID: GD0B3Z6HE3GXKI2ZTORSXYXCNQSY60UR4KN6ZM44MLXMDD932S
2024-07-25 19:45:33: Upload directory already exists: uploads/GD0B3Z6HE3GXKI2ZTORSXYXCNQSY60UR4KN6ZM44MLXMDD932S/
2024-07-25 19:45:33: File uploaded successfully: uploads/GD0B3Z6HE3GXKI2ZTORSXYXCNQSY60UR4KN6ZM44MLXMDD932S/implant.zip
2024-07-25 19:45:33: Database updated successfully for Build ID: GD0B3Z6HE3GXKI2ZTORSXYXCNQSY60UR4KN6ZM44MLXMDD932S
2024-07-25 19:54:48: Received POST request. Build ID: 712ZVTGD3HBTLBWSJBZ0ON8YDY5PAAD9NAAAJWDPNDANQIIQ0W
2024-07-25 19:54:48: Upload directory already exists: uploads/712ZVTGD3HBTLBWSJBZ0ON8YDY5PAAD9NAAAJWDPNDANQIIQ0W/
2024-07-25 19:54:48: File uploaded successfully: uploads/712ZVTGD3HBTLBWSJBZ0ON8YDY5PAAD9NAAAJWDPNDANQIIQ0W/implant.zip
2024-07-25 19:54:48: Database updated successfully for Build ID: 712ZVTGD3HBTLBWSJBZ0ON8YDY5PAAD9NAAAJWDPNDANQIIQ0W
2024-07-25 20:08:53: Received POST request. Build ID: H8YLYFS5F19ZEY04F630QUMZICJ9HUYA1AQDVDHQ032GTA78ID
2024-07-25 20:08:53: Upload directory already exists: uploads/H8YLYFS5F19ZEY04F630QUMZICJ9HUYA1AQDVDHQ032GTA78ID/
2024-07-25 20:08:53: File uploaded successfully: uploads/H8YLYFS5F19ZEY04F630QUMZICJ9HUYA1AQDVDHQ032GTA78ID/implant.zip
2024-07-25 20:08:53: Database updated successfully for Build ID: H8YLYFS5F19ZEY04F630QUMZICJ9HUYA1AQDVDHQ032GTA78ID
2024-07-25 20:12:44: Received POST request. Build ID: AXKGUUKCWV45A49TPH2HMMW5MWRBO9PMQ7PNBMTYLG85VRW523
2024-07-25 20:12:44: Upload directory already exists: uploads/AXKGUUKCWV45A49TPH2HMMW5MWRBO9PMQ7PNBMTYLG85VRW523/
2024-07-25 20:12:44: File uploaded successfully: uploads/AXKGUUKCWV45A49TPH2HMMW5MWRBO9PMQ7PNBMTYLG85VRW523/implant.zip
2024-07-25 20:12:44: Database updated successfully for Build ID: AXKGUUKCWV45A49TPH2HMMW5MWRBO9PMQ7PNBMTYLG85VRW523
2024-07-25 20:14:23: Received POST request. Build ID: GMIQGGRM1IRKAOZLR0LAPLNDNM738AK7HRG4CREVNJ88UZM8SU
2024-07-25 20:14:23: Upload directory already exists: uploads/GMIQGGRM1IRKAOZLR0LAPLNDNM738AK7HRG4CREVNJ88UZM8SU/
2024-07-25 20:14:23: File uploaded successfully: uploads/GMIQGGRM1IRKAOZLR0LAPLNDNM738AK7HRG4CREVNJ88UZM8SU/implant.zip
2024-07-25 20:14:23: Database updated successfully for Build ID: GMIQGGRM1IRKAOZLR0LAPLNDNM738AK7HRG4CREVNJ88UZM8SU
2024-07-25 20:33:38: Received POST request. Build ID: NDM8K54JNXBPDJ6PLUNDQJQIIVR1TUFQNC7OGRWWHGZLZQ3O9Y
2024-07-25 20:33:38: Upload directory already exists: uploads/NDM8K54JNXBPDJ6PLUNDQJQIIVR1TUFQNC7OGRWWHGZLZQ3O9Y/
2024-07-25 20:33:38: File uploaded successfully: uploads/NDM8K54JNXBPDJ6PLUNDQJQIIVR1TUFQNC7OGRWWHGZLZQ3O9Y/implant.zip
2024-07-25 20:33:38: Database updated successfully for Build ID: NDM8K54JNXBPDJ6PLUNDQJQIIVR1TUFQNC7OGRWWHGZLZQ3O9Y
2024-07-25 21:10:11: Received POST request. Build ID: 2SI14RIJRION96VY2AY7C444VV8B5ZHRRFAL9F8J472JB7CRKC
2024-07-25 21:10:11: Upload directory already exists: uploads/2SI14RIJRION96VY2AY7C444VV8B5ZHRRFAL9F8J472JB7CRKC/
2024-07-25 21:10:11: File uploaded successfully: uploads/2SI14RIJRION96VY2AY7C444VV8B5ZHRRFAL9F8J472JB7CRKC/protonvpn.zip
2024-07-25 21:10:11: Database updated successfully for Build ID: 2SI14RIJRION96VY2AY7C444VV8B5ZHRRFAL9F8J472JB7CRKC
2024-07-25 21:12:14: Received POST request. Build ID: N92ULB8Q7QQSL0W6Z2AY250RPV6D60YT6CPDCOXQLK2Y3LTYM2
2024-07-25 21:12:15: Upload directory already exists: uploads/N92ULB8Q7QQSL0W6Z2AY250RPV6D60YT6CPDCOXQLK2Y3LTYM2/
2024-07-25 21:12:15: File uploaded successfully: uploads/N92ULB8Q7QQSL0W6Z2AY250RPV6D60YT6CPDCOXQLK2Y3LTYM2/protonvpn.zip
2024-07-25 21:12:15: Database updated successfully for Build ID: N92ULB8Q7QQSL0W6Z2AY250RPV6D60YT6CPDCOXQLK2Y3LTYM2
2024-07-25 21:12:52: Received POST request. Build ID: 6OFKK9YMY86M1CYRIQ6S41KZ2BBVHCG6UIODDD2SJY3FO5U1EG
2024-07-25 21:12:52: Upload directory already exists: uploads/6OFKK9YMY86M1CYRIQ6S41KZ2BBVHCG6UIODDD2SJY3FO5U1EG/
2024-07-25 21:12:52: File uploaded successfully: uploads/6OFKK9YMY86M1CYRIQ6S41KZ2BBVHCG6UIODDD2SJY3FO5U1EG/sharepoint.zip
2024-07-25 21:12:52: Database updated successfully for Build ID: 6OFKK9YMY86M1CYRIQ6S41KZ2BBVHCG6UIODDD2SJY3FO5U1EG
2024-07-25 21:13:14: Received POST request. Build ID: ZXC5A8IKF8V060PGX6KDYFCQYXCNMUS7XWCSZTNX4RMYW31H9Z
2024-07-25 21:13:14: Upload directory already exists: uploads/ZXC5A8IKF8V060PGX6KDYFCQYXCNMUS7XWCSZTNX4RMYW31H9Z/
2024-07-25 21:13:14: File uploaded successfully: uploads/ZXC5A8IKF8V060PGX6KDYFCQYXCNMUS7XWCSZTNX4RMYW31H9Z/onedrive.zip
2024-07-25 21:13:14: Database updated successfully for Build ID: ZXC5A8IKF8V060PGX6KDYFCQYXCNMUS7XWCSZTNX4RMYW31H9Z
2024-07-25 21:16:33: Received POST request. Build ID: FSL83PRPTNGNCRFL99JTUXITDPTYTNT478OZGYK25XQ4KVO91P
2024-07-25 21:16:33: Upload directory already exists: uploads/FSL83PRPTNGNCRFL99JTUXITDPTYTNT478OZGYK25XQ4KVO91P/
2024-07-25 21:16:33: File uploaded successfully: uploads/FSL83PRPTNGNCRFL99JTUXITDPTYTNT478OZGYK25XQ4KVO91P/protonvpn.zip
2024-07-25 21:16:33: Database updated successfully for Build ID: FSL83PRPTNGNCRFL99JTUXITDPTYTNT478OZGYK25XQ4KVO91P
2024-07-25 21:20:13: Received POST request. Build ID: 9WVRUSATHUI2KHGAGNWBYYTC97U1PST4FM34G9ZF4O45YZPJZH
2024-07-25 21:20:13: Upload directory already exists: uploads/9WVRUSATHUI2KHGAGNWBYYTC97U1PST4FM34G9ZF4O45YZPJZH/
2024-07-25 21:20:13: File uploaded successfully: uploads/9WVRUSATHUI2KHGAGNWBYYTC97U1PST4FM34G9ZF4O45YZPJZH/protonvpn.zip
2024-07-25 21:20:13: Database updated successfully for Build ID: 9WVRUSATHUI2KHGAGNWBYYTC97U1PST4FM34G9ZF4O45YZPJZH
2024-07-25 21:21:19: Received POST request. Build ID: I03RAP4X4PIZY25U0B32PQSKGPG1MJ47NNEOB5QJD5O84K8KKK
2024-07-25 21:21:19: Upload directory already exists: uploads/I03RAP4X4PIZY25U0B32PQSKGPG1MJ47NNEOB5QJD5O84K8KKK/
2024-07-25 21:21:19: File uploaded successfully: uploads/I03RAP4X4PIZY25U0B32PQSKGPG1MJ47NNEOB5QJD5O84K8KKK/protonvpn.zip
2024-07-25 21:21:19: Database updated successfully for Build ID: I03RAP4X4PIZY25U0B32PQSKGPG1MJ47NNEOB5QJD5O84K8KKK
2024-07-25 21:21:45: Received POST request. Build ID: F8QDR5XFH6VEGA5QGEWP036FJPHI8APO2M7YDO1XQHZXK0O0F1
2024-07-25 21:21:45: Upload directory already exists: uploads/F8QDR5XFH6VEGA5QGEWP036FJPHI8APO2M7YDO1XQHZXK0O0F1/
2024-07-25 21:21:45: File uploaded successfully: uploads/F8QDR5XFH6VEGA5QGEWP036FJPHI8APO2M7YDO1XQHZXK0O0F1/sharepoint.zip
2024-07-25 21:21:45: Database updated successfully for Build ID: F8QDR5XFH6VEGA5QGEWP036FJPHI8APO2M7YDO1XQHZXK0O0F1
2024-07-25 21:22:04: Received POST request. Build ID: QGHV44KM4BW0DKXC46NWCYZX5PC6GPP3TYU1YHQ6EY77ZHZKBL
2024-07-25 21:22:04: Upload directory already exists: uploads/QGHV44KM4BW0DKXC46NWCYZX5PC6GPP3TYU1YHQ6EY77ZHZKBL/
2024-07-25 21:22:04: File uploaded successfully: uploads/QGHV44KM4BW0DKXC46NWCYZX5PC6GPP3TYU1YHQ6EY77ZHZKBL/onedrive.zip
2024-07-25 21:22:04: Database updated successfully for Build ID: QGHV44KM4BW0DKXC46NWCYZX5PC6GPP3TYU1YHQ6EY77ZHZKBL
2024-07-25 21:23:21: Received POST request. Build ID: RI8J5RALIASEC5I027O4CT946EO5MD5GM0Z7CU6RWLGP3F33BJ
2024-07-25 21:23:21: Upload directory already exists: uploads/RI8J5RALIASEC5I027O4CT946EO5MD5GM0Z7CU6RWLGP3F33BJ/
2024-07-25 21:23:21: File uploaded successfully: uploads/RI8J5RALIASEC5I027O4CT946EO5MD5GM0Z7CU6RWLGP3F33BJ/protonvpn.zip
2024-07-25 21:23:21: Database updated successfully for Build ID: RI8J5RALIASEC5I027O4CT946EO5MD5GM0Z7CU6RWLGP3F33BJ
2024-07-25 21:24:34: Received POST request. Build ID: LJ7HADJ0WPO1WYNVZQLC7MGI0T64KW8YMAQS0GD0URVKFTMEYV
2024-07-25 21:24:34: Upload directory already exists: uploads/LJ7HADJ0WPO1WYNVZQLC7MGI0T64KW8YMAQS0GD0URVKFTMEYV/
2024-07-25 21:24:34: File uploaded successfully: uploads/LJ7HADJ0WPO1WYNVZQLC7MGI0T64KW8YMAQS0GD0URVKFTMEYV/protonvpn.zip
2024-07-25 21:24:34: Database updated successfully for Build ID: LJ7HADJ0WPO1WYNVZQLC7MGI0T64KW8YMAQS0GD0URVKFTMEYV
2024-07-25 21:25:57: Received POST request. Build ID: EOMIDTQ3TMA96SXWCOU3JHNQFTX25HT7V1GVWBXHGMMLUJXO3Q
2024-07-25 21:25:57: Upload directory already exists: uploads/EOMIDTQ3TMA96SXWCOU3JHNQFTX25HT7V1GVWBXHGMMLUJXO3Q/
2024-07-25 21:25:57: File uploaded successfully: uploads/EOMIDTQ3TMA96SXWCOU3JHNQFTX25HT7V1GVWBXHGMMLUJXO3Q/protonvpn.zip
2024-07-25 21:25:57: Database updated successfully for Build ID: EOMIDTQ3TMA96SXWCOU3JHNQFTX25HT7V1GVWBXHGMMLUJXO3Q
2024-07-25 21:26:19: Received POST request. Build ID: C0E16WQU0QV9J6PCNTY8QPGWWXF8GMPDB3SR2JT3ON46U8A06K
2024-07-25 21:26:19: Upload directory already exists: uploads/C0E16WQU0QV9J6PCNTY8QPGWWXF8GMPDB3SR2JT3ON46U8A06K/
2024-07-25 21:26:19: File uploaded successfully: uploads/C0E16WQU0QV9J6PCNTY8QPGWWXF8GMPDB3SR2JT3ON46U8A06K/sharepoint.zip
2024-07-25 21:26:19: Database updated successfully for Build ID: C0E16WQU0QV9J6PCNTY8QPGWWXF8GMPDB3SR2JT3ON46U8A06K
2024-07-25 21:27:48: Received POST request. Build ID: I9GVJ8QHESS0WJNAY3OGZ502B59QBOP9ZUX080SIWSNUN39LQL
2024-07-25 21:27:48: Upload directory already exists: uploads/I9GVJ8QHESS0WJNAY3OGZ502B59QBOP9ZUX080SIWSNUN39LQL/
2024-07-25 21:27:48: File uploaded successfully: uploads/I9GVJ8QHESS0WJNAY3OGZ502B59QBOP9ZUX080SIWSNUN39LQL/protonvpn.zip
2024-07-25 21:27:48: Database updated successfully for Build ID: I9GVJ8QHESS0WJNAY3OGZ502B59QBOP9ZUX080SIWSNUN39LQL
2024-07-25 21:28:15: Received POST request. Build ID: AWJ741RN8E23NC0V8MH6D1N92B04RAMOSL5FN674YDP9XASIS7
2024-07-25 21:28:15: Upload directory already exists: uploads/AWJ741RN8E23NC0V8MH6D1N92B04RAMOSL5FN674YDP9XASIS7/
2024-07-25 21:28:15: File uploaded successfully: uploads/AWJ741RN8E23NC0V8MH6D1N92B04RAMOSL5FN674YDP9XASIS7/sharepoint.zip
2024-07-25 21:28:15: Database updated successfully for Build ID: AWJ741RN8E23NC0V8MH6D1N92B04RAMOSL5FN674YDP9XASIS7
2024-07-25 21:28:37: Received POST request. Build ID: 5SXII93R9CPCG8WTG5Y1HVJF6IFNAOWZFJBTUPTNSW2NGB0NL9
2024-07-25 21:28:37: Upload directory already exists: uploads/5SXII93R9CPCG8WTG5Y1HVJF6IFNAOWZFJBTUPTNSW2NGB0NL9/
2024-07-25 21:28:37: File uploaded successfully: uploads/5SXII93R9CPCG8WTG5Y1HVJF6IFNAOWZFJBTUPTNSW2NGB0NL9/onedrive.zip
2024-07-25 21:28:37: Database updated successfully for Build ID: 5SXII93R9CPCG8WTG5Y1HVJF6IFNAOWZFJBTUPTNSW2NGB0NL9
2024-07-26 22:08:41: Received POST request. Build ID: DB5A247FUK4FRG2XUE25MCIEGSQJ2OL08NJXT9UOCS45KITXX2
2024-07-26 22:08:42: Upload directory already exists: uploads/DB5A247FUK4FRG2XUE25MCIEGSQJ2OL08NJXT9UOCS45KITXX2/
2024-07-26 22:08:42: File uploaded successfully: uploads/DB5A247FUK4FRG2XUE25MCIEGSQJ2OL08NJXT9UOCS45KITXX2/protonvpn.zip
2024-07-26 22:08:42: Database updated successfully for Build ID: DB5A247FUK4FRG2XUE25MCIEGSQJ2OL08NJXT9UOCS45KITXX2
